Build started 11/1/2014 4:31:07 PM.
     1>Project "C:\Users\stefan\Documents\Sourcetree\CPPEindopdracht\CPPEindopdracht\CPPEindopdracht\CPPEindopdracht.vcxproj" on node 2 (Build target(s)).
     1>ClCompile:
         C:\Program Files (x86)\Microsoft Visual Studio 12.0\VC\bin\CL.exe /c /ZI /nologo /W3 /WX- /sdl /Od /Oy- /D _MBCS /Gm /EHsc /RTC1 /MDd /GS /fp:precise /Zc:wchar_t /Zc:forScope /Fo"Debug\\" /Fd"Debug\vc120.pdb" /Gd /TP /analyze- /errorReport:prompt Main.cpp
         Main.cpp
     1>c:\users\stefan\documents\sourcetree\cppeindopdracht\cppeindopdracht\cppeindopdracht\main.cpp(395): warning C4018: '<' : signed/unsigned mismatch
     1>c:\users\stefan\documents\sourcetree\cppeindopdracht\cppeindopdracht\cppeindopdracht\main.cpp(632): warning C4018: '<' : signed/unsigned mismatch
     1>c:\users\stefan\documents\sourcetree\cppeindopdracht\cppeindopdracht\cppeindopdracht\main.cpp(690): warning C4018: '<' : signed/unsigned mismatch
       Link:
         C:\Program Files (x86)\Microsoft Visual Studio 12.0\VC\bin\link.exe /ERRORREPORT:PROMPT /OUT:"C:\Users\stefan\Documents\Sourcetree\CPPEindopdracht\CPPEindopdracht\CPPEindopdracht\Debug\CPPEindopdracht.exe" /INCREMENTAL /NOLOGO kernel32.lib user32.lib gdi32.lib winspool.lib comdlg32.lib advapi32.lib shell32.lib ole32.lib oleaut32.lib uuid.lib odbc32.lib odbccp32.lib /MANIFEST /MANIFESTUAC:"level='asInvoker' uiAccess='false'" /manifest:embed /DEBUG /PDB:"C:\Users\stefan\Documents\Sourcetree\CPPEindopdracht\CPPEindopdracht\CPPEindopdracht\Debug\CPPEindopdracht.pdb" /TLBID:1 /DYNAMICBASE /NXCOMPAT /IMPLIB:"C:\Users\stefan\Documents\Sourcetree\CPPEindopdracht\CPPEindopdracht\CPPEindopdracht\Debug\CPPEindopdracht.lib" /MACHINE:X86 Debug\Enemy.obj
         Debug\Hero.obj
         Debug\Inventory.obj
         Debug\Main.obj
         Debug\Map.obj
         Debug\Chamber.obj
         Debug\MapObject.obj
         CPPEindopdracht.vcxproj -> C:\Users\stefan\Documents\Sourcetree\CPPEindopdracht\CPPEindopdracht\CPPEindopdracht\Debug\CPPEindopdracht.exe
     1>Done Building Project "C:\Users\stefan\Documents\Sourcetree\CPPEindopdracht\CPPEindopdracht\CPPEindopdracht\CPPEindopdracht.vcxproj" (Build target(s)).

Build succeeded.

Time Elapsed 00:00:01.70
