c:\users\fabian claasen\downloads\avans\blok 11\c++\cppeindopdracht\cppeindopdracht\debug\vc120.pdb
c:\users\fabian claasen\downloads\avans\blok 11\c++\cppeindopdracht\cppeindopdracht\debug\vc120.idb
c:\users\fabian claasen\downloads\avans\blok 11\c++\cppeindopdracht\cppeindopdracht\debug\main.obj
c:\users\fabian claasen\downloads\avans\blok 11\c++\cppeindopdracht\cppeindopdracht\debug\map.obj
c:\users\fabian claasen\downloads\avans\blok 11\c++\cppeindopdracht\cppeindopdracht\debug\room.obj
c:\users\stefan\documents\sourcetree\cppeindopdracht\cppeindopdracht\cppeindopdracht\debug\vc120.pdb
c:\users\stefan\documents\sourcetree\cppeindopdracht\cppeindopdracht\cppeindopdracht\debug\vc120.idb
c:\users\stefan\documents\sourcetree\cppeindopdracht\cppeindopdracht\cppeindopdracht\debug\main.obj
c:\users\stefan\documents\sourcetree\cppeindopdracht\cppeindopdracht\cppeindopdracht\debug\map.obj
c:\users\stefan\documents\sourcetree\cppeindopdracht\cppeindopdracht\cppeindopdracht\debug\room.obj
c:\users\fabian claasen\downloads\avans\blok 11\c++\cppeindopdracht\debug\cppeindopdracht.ilk
c:\users\fabian claasen\downloads\avans\blok 11\c++\cppeindopdracht\debug\cppeindopdracht.exe
c:\users\fabian claasen\downloads\avans\blok 11\c++\cppeindopdracht\debug\cppeindopdracht.pdb
c:\users\stefan\documents\sourcetree\cppeindopdracht\cppeindopdracht\debug\cppeindopdracht.ilk
c:\users\stefan\documents\sourcetree\cppeindopdracht\cppeindopdracht\debug\cppeindopdracht.exe
c:\users\stefan\documents\sourcetree\cppeindopdracht\cppeindopdracht\debug\cppeindopdracht.pdb
c:\users\stefan\documents\sourcetree\cppeindopdracht\cppeindopdracht\cppeindopdracht\debug\cppeindopdracht.tlog\cl.read.1.tlog.uptodatecheck.tmp
c:\users\stefan\documents\sourcetree\cppeindopdracht\cppeindopdracht\cppeindopdracht\debug\cppeindopdracht.tlog\cl.command.1.tlog
c:\users\stefan\documents\sourcetree\cppeindopdracht\cppeindopdracht\cppeindopdracht\debug\cppeindopdracht.tlog\cl.read.1.tlog
c:\users\stefan\documents\sourcetree\cppeindopdracht\cppeindopdracht\cppeindopdracht\debug\cppeindopdracht.tlog\cl.write.1.tlog
c:\users\stefan\documents\sourcetree\cppeindopdracht\cppeindopdracht\cppeindopdracht\debug\cppeindopdracht.tlog\link.command.1.tlog
c:\users\stefan\documents\sourcetree\cppeindopdracht\cppeindopdracht\cppeindopdracht\debug\cppeindopdracht.tlog\link.read.1.tlog
c:\users\stefan\documents\sourcetree\cppeindopdracht\cppeindopdracht\cppeindopdracht\debug\cppeindopdracht.tlog\link.write.1.tlog
